<?xml version="1.0" encoding="UTF-8"?>
<testng-results ignored="0" total="1" passed="1" failed="0" skipped="0">
  <reporter-output>
  </reporter-output>
  <suite started-at="2025-08-07T21:01:25 IST" name="Local Chrome Test Suite" finished-at="2025-08-07T21:03:07 IST" duration-ms="102926">
    <groups>
    </groups>
    <test started-at="2025-08-07T21:01:25 IST" name="Local Chrome Only" finished-at="2025-08-07T21:03:07 IST" duration-ms="102926">
      <class name="tests.ElPaisTest">
        <test-method is-config="true" signature="setUp(java.lang.String,java.lang.String,java.lang.String,java.lang.String)[pri:0, instance:tests.ElPaisTest@5f049ea1]" started-at="2025-08-07T21:01:25 IST" name="setUp" finished-at="2025-08-07T21:01:27 IST" duration-ms="2356" status="PASS">
          <params>
            <param index="0">
              <value>
                <![CDATA[chrome]]>
              </value>
            </param>
            <param index="1">
              <value>
                <![CDATA[local]]>
              </value>
            </param>
            <param index="2">
              <value>
                <![CDATA[local]]>
              </value>
            </param>
            <param index="3">
              <value>
                <![CDATA[latest]]>
              </value>
            </param>
          </params>
          <reporter-output>
          </reporter-output>
        </test-method> <!-- setUp -->
        <test-method signature="testScrapeTranslateAnalyze()[pri:0, instance:tests.ElPaisTest@5f049ea1]" started-at="2025-08-07T21:01:27 IST" name="testScrapeTranslateAnalyze" finished-at="2025-08-07T21:03:07 IST" duration-ms="100198" status="PASS">
          <reporter-output>
          </reporter-output>
        </test-method> <!-- testScrapeTranslateAnalyze -->
        <test-method is-config="true" signature="tearDown()[pri:0, instance:tests.ElPaisTest@5f049ea1]" started-at="2025-08-07T21:03:07 IST" name="tearDown" finished-at="2025-08-07T21:03:07 IST" duration-ms="315" status="PASS">
          <reporter-output>
          </reporter-output>
        </test-method> <!-- tearDown -->
      </class> <!-- tests.ElPaisTest -->
    </test> <!-- Local Chrome Only -->
  </suite> <!-- Local Chrome Test Suite -->
</testng-results>
